1701684604953:--help
1701684606610:help
1701691416655:hekp
1701691418308:help
1701691430906:clear
1701691433900:help
1701691450910:db sum
1701691466738:db import
1701692205006:clear
1701692220252:help
1701692240023:db version
1701692243572:version
1701692248234:db import
1701692264337:stacktrace
1701692279878:clear
1701692283245:help
1702279183574:version
1702279190257:db sum
1702280320166:clear
1702280325870:db sum
1702287165031:clear
1702287167303:help
1702287180943:db sum
1702287250294:db sum(1,2)
1702287263361:db sum 1 2
1702287375644:db sum
1702287624264:db sum --a 1 --b 2
1702287778780:shell:>db sum
1702287778859:Missing option, longnames='a', shortnames=''
1702287778935:Missing option, longnames='b', shortnames=''
1702287993578:db sum --a 1 --b 2
1702993835419:clear
1702993840040:help
1702993863308:db sum --a 1 --b 2
1702993945398:get-user-info
1703065925896:clear
1703065931110:db import
1703066134744:stacktrace
1703066381422:clear
1703066384892:db import
1703066420896:stacktrace
1703066510157:clear
1703066515952:db import
1703089305704:help
1703089316016:db sum --a 1 --b 2
1703091807798:db import
1703091814917:help
1703091848196:user register
1703160363614:clear
1703160368948:db import
1703160425951:stacktrace
1703160652240:clear
1703160655754:help
1703160665115:db truncate
1703160683029:db import
1703213462439:clear
1703213467249:db import
1703213481290:stacktrace
1703238382429:clear
1703238399727:db sum
1703238408352:db sum --a 1 --b 2
1703238415416:db import
1703238422638:help
1703312871875:help'\n'
1703312891049:db truncate
1703496526466:clear
1703496529132:help
1703497047690:history
1703497089364:get-user-info
1703497104692:db sum
1703497121223:get-user-info --mid 1
1703497325142:stacktrace
1703502556130:get-user-info --mid 1
1703502727987:clear
1703502729581:help
1703502736301:quit
1703502785794:get-user-info
1703502794381:get-user-info --mid 1
1703503125449:get-user-info --mid 3
1703503135702:stacktrace
1703503174112:get-user-info --mid 3
1703503214214:stacktrace
1703503340814:get-user-info --mid 3
1703503346423:stacktrace
1703503400416:get-user-info --mid 3
1703503404057:stacktrace
1703503689852:get-user-info --mid 3
1703503770925:stacktrace
1703504392352:db import
1703504405795:db truncate
1703504412697:stacktrace
1703504453028:help
1703504487829:send-danmu
1703504513970:register
1703504526890:register --password 12213009
1703506266021:help
1703506278663:data import
1703506282425:db import
1703506288730:stacktrace
1703506358981:help
1703506373381:delete-account
1703506432259:delete-account --mid 5
1703506451449:stacktrace
1703506607818:delete-account --mid 5
1703506630479:stacktrace
1703506807474:delete-account --mid 5
1703506862636:delete-account --mid 5 --toDeleteMid 5
1703507048539:delete-account --mid 8 --toDeleteMid 6
